<?xml version="1.0" encoding="UTF-8"?>
<testsuite xmlns:xsi="http://www.w3.org/2001/XMLSchema-instance" xsi:noNamespaceSchemaLocation="https://maven.apache.org/surefire/maven-surefire-plugin/xsd/surefire-test-report-3.0.xsd" version="3.0" name="com.qiu.QiuApplicationTests" time="5.385" tests="1" errors="0" skipped="0" failures="0">
  <properties>
[...]
</properties>
  <testcase name="contextLoads" classname="com.qiu.QiuApplicationTests" time="0.319">
    <system-out><![CDATA[15:14:55.050 [main] DEBUG org.springframework.test.context.BootstrapUtils - Instantiating CacheAwareContextLoaderDelegate from class [org.springframework.test.context.cache.DefaultCacheAwareContextLoaderDelegate]
15:14:55.058 [main] DEBUG org.springframework.test.context.BootstrapUtils - Instantiating BootstrapContext using constructor [public org.springframework.test.context.support.DefaultBootstrapContext(java.lang.Class,org.springframework.test.context.CacheAwareContextLoaderDelegate)]
15:14:55.091 [main] DEBUG org.springframework.test.context.BootstrapUtils - Instantiating TestContextBootstrapper for test class [com.qiu.QiuApplicationTests] from class [org.springframework.boot.test.context.SpringBootTestContextBootstrapper]
15:14:55.110 [main] INFO org.springframework.boot.test.context.SpringBootTestContextBootstrapper - Neither @ContextConfiguration nor @ContextHierarchy found for test class [com.qiu.QiuApplicationTests], using SpringBootContextLoader
15:14:55.114 [main] DEBUG org.springframework.test.context.support.AbstractContextLoader - Did not detect default resource location for test class [com.qiu.QiuApplicationTests]: class path resource [com/qiu/QiuApplicationTests-context.xml] does not exist
15:14:55.114 [main] DEBUG org.springframework.test.context.support.AbstractContextLoader - Did not detect default resource location for test class [com.qiu.QiuApplicationTests]: class path resource [com/qiu/QiuApplicationTestsContext.groovy] does not exist
15:14:55.114 [main] INFO org.springframework.test.context.support.AbstractContextLoader - Could not detect default resource locations for test class [com.qiu.QiuApplicationTests]: no resource found for suffixes {-context.xml, Context.groovy}.
15:14:55.115 [main] INFO org.springframework.test.context.support.AnnotationConfigContextLoaderUtils - Could not detect default configuration classes for test class [com.qiu.QiuApplicationTests]: QiuApplicationTests does not declare any static, non-private, non-final, nested classes annotated with @Configuration.
15:14:55.165 [main] DEBUG org.springframework.test.context.support.ActiveProfilesUtils - Could not find an 'annotation declaring class' for annotation type [org.springframework.test.context.ActiveProfiles] and class [com.qiu.QiuApplicationTests]
15:14:55.264 [main] DEBUG org.springframework.context.annotation.ClassPathScanningCandidateComponentProvider - Identified candidate component class: file [D:\vue_learning\self\qiu\target\classes\com\qiu\QiuApplication.class]
15:14:55.265 [main] INFO org.springframework.boot.test.context.SpringBootTestContextBootstrapper - Found @SpringBootConfiguration com.qiu.QiuApplication for test class com.qiu.QiuApplicationTests
15:14:55.357 [main] DEBUG org.springframework.boot.test.context.SpringBootTestContextBootstrapper - @TestExecutionListeners is not present for class [com.qiu.QiuApplicationTests]: using defaults.
15:14:55.358 [main] INFO org.springframework.boot.test.context.SpringBootTestContextBootstrapper - Loaded default TestExecutionListener class names from location [META-INF/spring.factories]: [org.springframework.boot.test.mock.mockito.MockitoTestExecutionListener, org.springframework.boot.test.mock.mockito.ResetMocksTestExecutionListener, org.springframework.boot.test.autoconfigure.restdocs.RestDocsTestExecutionListener, org.springframework.boot.test.autoconfigure.web.client.MockRestServiceServerResetTestExecutionListener, org.springframework.boot.test.autoconfigure.web.servlet.MockMvcPrintOnlyOnFailureTestExecutionListener, org.springframework.boot.test.autoconfigure.web.servlet.WebDriverTestExecutionListener, org.springframework.boot.test.autoconfigure.webservices.client.MockWebServiceServerTestExecutionListener, org.springframework.test.context.web.ServletTestExecutionListener, org.springframework.test.context.support.DirtiesContextBeforeModesTestExecutionListener, org.springframework.test.context.event.ApplicationEventsTestExecutionListener, org.springframework.test.context.support.DependencyInjectionTestExecutionListener, org.springframework.test.context.support.DirtiesContextTestExecutionListener, org.springframework.test.context.transaction.TransactionalTestExecutionListener, org.springframework.test.context.jdbc.SqlScriptsTestExecutionListener, org.springframework.test.context.event.EventPublishingTestExecutionListener]
15:14:55.396 [main] INFO org.springframework.boot.test.context.SpringBootTestContextBootstrapper - Using TestExecutionListeners: [org.springframework.test.context.web.ServletTestExecutionListener@5dafbe45, org.springframework.test.context.support.DirtiesContextBeforeModesTestExecutionListener@2254127a, org.springframework.test.context.event.ApplicationEventsTestExecutionListener@51891008, org.springframework.boot.test.mock.mockito.MockitoTestExecutionListener@2f953efd, org.springframework.boot.test.autoconfigure.SpringBootDependencyInjectionTestExecutionListener@f68f0dc, org.springframework.test.context.support.DirtiesContextTestExecutionListener@d2de489, org.springframework.test.context.transaction.TransactionalTestExecutionListener@14bdbc74, org.springframework.test.context.jdbc.SqlScriptsTestExecutionListener@12591ac8, org.springframework.test.context.event.EventPublishingTestExecutionListener@5a7fe64f, org.springframework.boot.test.mock.mockito.ResetMocksTestExecutionListener@38145825, org.springframework.boot.test.autoconfigure.restdocs.RestDocsTestExecutionListener@41330d4f, org.springframework.boot.test.autoconfigure.web.client.MockRestServiceServerResetTestExecutionListener@1b66c0fb, org.springframework.boot.test.autoconfigure.web.servlet.MockMvcPrintOnlyOnFailureTestExecutionListener@3e0e1046, org.springframework.boot.test.autoconfigure.web.servlet.WebDriverTestExecutionListener@24c1b2d2, org.springframework.boot.test.autoconfigure.webservices.client.MockWebServiceServerTestExecutionListener@7dc19a70]
15:14:55.402 [main] DEBUG org.springframework.test.context.support.AbstractDirtiesContextTestExecutionListener - Before test class: context [DefaultTestContext@6f36c2f0 testClass = QiuApplicationTests, testInstance = [null], testMethod = [null], testException = [null], mergedContextConfiguration = [WebMergedContextConfiguration@f58853c testClass = QiuApplicationTests, locations = '{}', classes = '{class com.qiu.QiuApplication}', contextInitializerClasses = '[]', activeProfiles = '{}', propertySourceLocations = '{}', propertySourceProperties = '{org.springframework.boot.test.context.SpringBootTestContextBootstrapper=true}', contextCustomizers = set[org.springframework.boot.test.context.filter.ExcludeFilterContextCustomizer@6989da5e, org.springframework.boot.test.json.DuplicateJsonObjectContextCustomizerFactory$DuplicateJsonObjectContextCustomizer@682b2fa, org.springframework.boot.test.mock.mockito.MockitoContextCustomizer@0, org.springframework.boot.test.web.client.TestRestTemplateContextCustomizer@7c6908d7, org.springframework.boot.test.autoconfigure.actuate.metrics.MetricsExportContextCustomizerFactory$DisableMetricExportContextCustomizer@bcec361, org.springframework.boot.test.autoconfigure.properties.PropertyMappingContextCustomizer@0, org.springframework.boot.test.autoconfigure.web.servlet.WebDriverContextCustomizerFactory$Customizer@7817fd62, org.springframework.boot.test.context.SpringBootTestArgs@1, org.springframework.boot.test.context.SpringBootTestWebEnvironment@5ae63ade], resourceBasePath = 'src/main/webapp', contextLoader = 'org.springframework.boot.test.context.SpringBootContextLoader', parent = [null]], attributes = map['org.springframework.test.context.web.ServletTestExecutionListener.activateListener' -> true]], class annotated with @DirtiesContext [false] with mode [null].

  .   ____          _            __ _ _
 /\\ / ___'_ __ _ _(_)_ __  __ _ \ \ \ \
( ( )\___ | '_ | '_| | '_ \/ _` | \ \ \ \
 \\/  ___)| |_)| | | | | || (_| |  ) ) ) )
  '  |____| .__|_| |_|_| |_\__, | / / / /
 =========|_|==============|___/=/_/_/_/
 :: Spring Boot ::               (v2.6.13)

2024-01-23 15:14:56.024  INFO 15100 --- [           main] com.qiu.QiuApplicationTests              : Starting QiuApplicationTests using Java 1.8.0_202 on q17 with PID 15100 (started by PC in D:\vue_learning\self\qiu)
2024-01-23 15:14:56.030  INFO 15100 --- [           main] com.qiu.QiuApplicationTests              : No active profile set, falling back to 1 default profile: "default"
 _ _   |_  _ _|_. ___ _ |    _ 
| | |\/|_)(_| | |_\  |_)||_|_\ 
     /               |         
                        3.4.1 
2024-01-23 15:14:59.657  INFO 15100 --- [           main] o.s.b.a.w.s.WelcomePageHandlerMapping    : Adding welcome page: class path resource [static/index.html]
2024-01-23 15:14:59.997  INFO 15100 --- [           main] com.qiu.QiuApplicationTests              : Started QiuApplicationTests in 4.489 seconds (JVM running for 5.611)
]]></system-out>
  </testcase>
</testsuite>